============================= test session starts ==============================
platform darwin -- Python 3.11.5, pytest-7.4.0, pluggy-1.0.0
rootdir: /Users/tansheng/research/quantum coding/frequency domain fft transformer/frequency_domain_converter
configfile: pyproject.toml
plugins: anyio-3.5.0
collected 42 items

tests/test_assembly.py ...                                               [  7%]
tests/test_boundary.py .......                                           [ 23%]
tests/test_config.py .....                                               [ 35%]
tests/test_export.py ...                                                 [ 42%]
tests/test_operators.py .........                                        [ 64%]
tests/test_solver.py ......                                              [ 78%]
tests/test_source.py ....                                                [ 88%]
tests/test_velocity_loader.py .....                                      [100%]

============================== 42 passed in 0.99s ==============================
